<?xml version="1.0" encoding="UTF-8"?>
<!-- Generated by org.testng.reporters.JUnitXMLReporter -->
<testsuite ignored="1" hostname="Mouli" failures="0" tests="9" name="Car Loan" time="0.199" errors="0" timestamp="2021-04-01T23:30:01 IST">
  <testcase classname="TestPackage.thirdLesson" name="loginAPIcarLoan" time="0.019"/>
  <testcase classname="TestPackage.thirdLesson" name="mobileLoginCarLoan" time="0.006"/>
  <testcase classname="TestPackage.thirdLesson" name="mobileSignUpCarLoan" time="0.006"/>
  <testcase classname="TestPackage.thirdLesson" name="mobileSignUpCarLoan" time="0.002"/>
  <testcase classname="TestPackage.thirdLesson" name="mobileSignUpCarLoan" time="0.002"/>
  <testcase classname="TestPackage.thirdLesson" name="webLoginCarLoan" time="0.003"/>
  <testcase classname="TestPackage.fourthLesson" name="loginAPIHomeLoan" time="0.002"/>
  <testcase classname="TestPackage.fourthLesson" name="webLoginHomeLoan" time="0.013"/>
  <testcase classname="TestPackage.thirdLesson" name="mobileChangePassCarLoan" time="0.002"/>
  <testcase classname="TestPackage.fourthLesson" name="mobileLoginHomeLoan" time="0.0">
    <ignored/>
  </testcase> <!-- mobileLoginHomeLoan -->
</testsuite> <!-- Car Loan -->
