<?xml version="1.0" encoding="UTF-8"?>
<!-- Generated by org.testng.reporters.JUnitXMLReporter -->
<testsuite ignored="5" hostname="Mouli" failures="0" tests="6" name="SmokeTest" time="0.177" errors="0" timestamp="2021-03-24T22:52:52 IST">
  <testcase classname="TestPackage.firstLesson" name="Demo" time="0.019"/>
  <testcase classname="TestPackage.thirdLesson" name="loginAPIcarLoan" time="0.007"/>
  <testcase classname="TestPackage.thirdLesson" name="mobileSignUpCarLoan" time="0.005"/>
  <testcase classname="TestPackage.thirdLesson" name="webLoginCarLoan" time="0.005"/>
  <testcase classname="TestPackage.thirdLesson" name="mobileChangePassCarLoan" time="0.003"/>
  <testcase classname="TestPackage.fourthLesson" name="webLoginHomeLoan" time="0.017"/>
  <testcase classname="TestPackage.firstLesson" name="SecondDemo" time="0.0">
    <ignored/>
  </testcase> <!-- SecondDemo -->
  <testcase classname="TestPackage.fourthLesson" name="mobileLoginHomeLoan" time="0.0">
    <ignored/>
  </testcase> <!-- mobileLoginHomeLoan -->
  <testcase classname="TestPackage.secondLesson" name="Demo" time="0.0">
    <ignored/>
  </testcase> <!-- Demo -->
  <testcase classname="TestPackage.fourthLesson" name="loginAPIHomeLoan" time="0.0">
    <ignored/>
  </testcase> <!-- loginAPIHomeLoan -->
  <testcase classname="TestPackage.thirdLesson" name="mobileLoginCarLoan" time="0.0">
    <ignored/>
  </testcase> <!-- mobileLoginCarLoan -->
</testsuite> <!-- SmokeTest -->
